# JRE version: OpenJDK Runtime Environment (8.0_151-b12) (build 1.8.0_151-8u151-b12-0ubuntu0.16.04.2-b12)
# Java VM: OpenJDK 64-Bit Server VM (25.151-b12 mixed mode linux-amd64 compressed oops)
Heap:
 PSYoungGen      total 195584K, used 2600K [0x00000000ebf00000, 0x00000000f8a00000, 0x0000000100000000)
  eden space 183296K, 0% used [0x00000000ebf00000,0x00000000ebf00000,0x00000000f7200000)
  from space 12288K, 21% used [0x00000000f7200000,0x00000000f748a090,0x00000000f7e00000)
  to   space 10240K, 0% used [0x00000000f7f80000,0x00000000f7f80000,0x00000000f8980000)
 ParOldGen       total 34304K, used 21988K [0x00000000c3c00000, 0x00000000c5d80000, 0x00000000ebf00000)
  object space 34304K, 64% used [0x00000000c3c00000,0x00000000c5179388,0x00000000c5d80000)
 Metaspace       used 34752K, capacity 35180K, committed 35496K, reserved 1081344K
  class space    used 4314K, capacity 4404K, committed 4528K, reserved 1048576K
GC Heap History (10 events):
Event: 7,467 GC heap after
Heap after GC invocations=7 (full 0):
 PSYoungGen      total 72192K, used 6314K [0x00000000ebf00000, 0x00000000f4d00000, 0x0000000100000000)
  eden space 63488K, 0% used [0x00000000ebf00000,0x00000000ebf00000,0x00000000efd00000)
  from space 8704K, 72% used [0x00000000efd00000,0x00000000f032a9a0,0x00000000f0580000)
  to   space 9216K, 0% used [0x00000000f4400000,0x00000000f4400000,0x00000000f4d00000)
 ParOldGen       total 42496K, used 10631K [0x00000000c3c00000, 0x00000000c6580000, 0x00000000ebf00000)
  object space 42496K, 25% used [0x00000000c3c00000,0x00000000c4661ef8,0x00000000c6580000)
 Metaspace       used 19884K, capacity 20216K, committed 20480K, reserved 1067008K
  class space    used 2376K, capacity 2459K, committed 2560K, reserved 1048576K
}
Event: 7,692 GC heap before
{Heap before GC invocations=8 (full 0):
 PSYoungGen      total 72192K, used 18093K [0x00000000ebf00000, 0x00000000f4d00000, 0x0000000100000000)
  eden space 63488K, 18% used [0x00000000ebf00000,0x00000000eca80aa8,0x00000000efd00000)
  from space 8704K, 72% used [0x00000000efd00000,0x00000000f032a9a0,0x00000000f0580000)
  to   space 9216K, 0% used [0x00000000f4400000,0x00000000f4400000,0x00000000f4d00000)
 ParOldGen       total 42496K, used 10631K [0x00000000c3c00000, 0x00000000c6580000, 0x00000000ebf00000)
  object space 42496K, 25% used [0x00000000c3c00000,0x00000000c4661ef8,0x00000000c6580000)
 Metaspace       used 20979K, capacity 21224K, committed 21296K, reserved 1069056K
  class space    used 2526K, capacity 2605K, committed 2608K, reserved 1048576K
Event: 7,709 GC heap after
Heap after GC invocations=8 (full 0):
 PSYoungGen      total 135168K, used 4921K [0x00000000ebf00000, 0x00000000f4c00000, 0x0000000100000000)
  eden space 126976K, 0% used [0x00000000ebf00000,0x00000000ebf00000,0x00000000f3b00000)
  from space 8192K, 60% used [0x00000000f4400000,0x00000000f48ce700,0x00000000f4c00000)
  to   space 8704K, 0% used [0x00000000f3b00000,0x00000000f3b00000,0x00000000f4380000)
 ParOldGen       total 42496K, used 11215K [0x00000000c3c00000, 0x00000000c6580000, 0x00000000ebf00000)
  object space 42496K, 26% used [0x00000000c3c00000,0x00000000c46f3ef8,0x00000000c6580000)
 Metaspace       used 20979K, capacity 21224K, committed 21296K, reserved 1069056K
  class space    used 2526K, capacity 2605K, committed 2608K, reserved 1048576K
}
Event: 7,709 GC heap before
{Heap before GC invocations=9 (full 1):
 PSYoungGen      total 135168K, used 4921K [0x00000000ebf00000, 0x00000000f4c00000, 0x0000000100000000)
  eden space 126976K, 0% used [0x00000000ebf00000,0x00000000ebf00000,0x00000000f3b00000)
  from space 8192K, 60% used [0x00000000f4400000,0x00000000f48ce700,0x00000000f4c00000)
  to   space 8704K, 0% used [0x00000000f3b00000,0x00000000f3b00000,0x00000000f4380000)
 ParOldGen       total 42496K, used 11215K [0x00000000c3c00000, 0x00000000c6580000, 0x00000000ebf00000)
  object space 42496K, 26% used [0x00000000c3c00000,0x00000000c46f3ef8,0x00000000c6580000)
 Metaspace       used 20979K, capacity 21224K, committed 21296K, reserved 1069056K
  class space    used 2526K, capacity 2605K, committed 2608K, reserved 1048576K
Event: 7,782 GC heap after
Heap after GC invocations=9 (full 1):
 PSYoungGen      total 135168K, used 0K [0x00000000ebf00000, 0x00000000f4c00000, 0x0000000100000000)
  eden space 126976K, 0% used [0x00000000ebf00000,0x00000000ebf00000,0x00000000f3b00000)
  from space 8192K, 0% used [0x00000000f4400000,0x00000000f4400000,0x00000000f4c00000)
  to   space 8704K, 0% used [0x00000000f3b00000,0x00000000f3b00000,0x00000000f4380000)
 ParOldGen       total 34304K, used 10260K [0x00000000c3c00000, 0x00000000c5d80000, 0x00000000ebf00000)
  object space 34304K, 29% used [0x00000000c3c00000,0x00000000c4605230,0x00000000c5d80000)
 Metaspace       used 20979K, capacity 21224K, committed 21296K, reserved 1069056K
  class space    used 2526K, capacity 2605K, committed 2608K, reserved 1048576K
}
Event: 11,218 GC heap before
{Heap before GC invocations=10 (full 1):
 PSYoungGen      total 135168K, used 126959K [0x00000000ebf00000, 0x00000000f4c00000, 0x0000000100000000)
  eden space 126976K, 99% used [0x00000000ebf00000,0x00000000f3afbe60,0x00000000f3b00000)
  from space 8192K, 0% used [0x00000000f4400000,0x00000000f4400000,0x00000000f4c00000)
  to   space 8704K, 0% used [0x00000000f3b00000,0x00000000f3b00000,0x00000000f4380000)
 ParOldGen       total 34304K, used 10260K [0x00000000c3c00000, 0x00000000c5d80000, 0x00000000ebf00000)
  object space 34304K, 29% used [0x00000000c3c00000,0x00000000c4605230,0x00000000c5d80000)
 Metaspace       used 27043K, capacity 27432K, committed 27696K, reserved 1073152K
  class space    used 3258K, capacity 3358K, committed 3376K, reserved 1048576K
Event: 11,230 GC heap after
Heap after GC invocations=10 (full 1):
 PSYoungGen      total 135680K, used 8676K [0x00000000ebf00000, 0x00000000f8980000, 0x0000000100000000)
  eden space 126976K, 0% used [0x00000000ebf00000,0x00000000ebf00000,0x00000000f3b00000)
  from space 8704K, 99% used [0x00000000f3b00000,0x00000000f4379150,0x00000000f4380000)
  to   space 10240K, 0% used [0x00000000f7f80000,0x00000000f7f80000,0x00000000f8980000)
 ParOldGen       total 34304K, used 10676K [0x00000000c3c00000, 0x00000000c5d80000, 0x00000000ebf00000)
  object space 34304K, 31% used [0x00000000c3c00000,0x00000000c466d3c0,0x00000000c5d80000)
 Metaspace       used 27043K, capacity 27432K, committed 27696K, reserved 1073152K
  class space    used 3258K, capacity 3358K, committed 3376K, reserved 1048576K
}
Event: 15,179 GC heap before
{Heap before GC invocations=11 (full 1):
 PSYoungGen      total 135680K, used 135652K [0x00000000ebf00000, 0x00000000f8980000, 0x0000000100000000)
  eden space 126976K, 100% used [0x00000000ebf00000,0x00000000f3b00000,0x00000000f3b00000)
  from space 8704K, 99% used [0x00000000f3b00000,0x00000000f4379150,0x00000000f4380000)
  to   space 10240K, 0% used [0x00000000f7f80000,0x00000000f7f80000,0x00000000f8980000)
 ParOldGen       total 34304K, used 10676K [0x00000000c3c00000, 0x00000000c5d80000, 0x00000000ebf00000)
  object space 34304K, 31% used [0x00000000c3c00000,0x00000000c466d3c0,0x00000000c5d80000)
 Metaspace       used 32493K, capacity 32940K, committed 33328K, reserved 1079296K
  class space    used 3970K, capacity 4084K, committed 4144K, reserved 1048576K
Event: 15,200 GC heap after
Heap after GC invocations=11 (full 1):
 PSYoungGen      total 193536K, used 10234K [0x00000000ebf00000, 0x00000000f8a00000, 0x0000000100000000)
  eden space 183296K, 0% used [0x00000000ebf00000,0x00000000ebf00000,0x00000000f7200000)
  from space 10240K, 99% used [0x00000000f7f80000,0x00000000f897e850,0x00000000f8980000)
  to   space 12288K, 0% used [0x00000000f7200000,0x00000000f7200000,0x00000000f7e00000)
 ParOldGen       total 34304K, used 13220K [0x00000000c3c00000, 0x00000000c5d80000, 0x00000000ebf00000)
  object space 34304K, 38% used [0x00000000c3c00000,0x00000000c48e9090,0x00000000c5d80000)
 Metaspace       used 32493K, capacity 32940K, committed 33328K, reserved 1079296K
  class space    used 3970K, capacity 4084K, committed 4144K, reserved 1048576K
}
Event: 15,990 GC heap before
{Heap before GC invocations=12 (full 1):
 PSYoungGen      total 193536K, used 33689K [0x00000000ebf00000, 0x00000000f8a00000, 0x0000000100000000)
  eden space 183296K, 12% used [0x00000000ebf00000,0x00000000ed5e7e48,0x00000000f7200000)
  from space 10240K, 99% used [0x00000000f7f80000,0x00000000f897e850,0x00000000f8980000)
  to   space 12288K, 0% used [0x00000000f7200000,0x00000000f7200000,0x00000000f7e00000)
 ParOldGen       total 34304K, used 13220K [0x00000000c3c00000, 0x00000000c5d80000, 0x00000000ebf00000)
  object space 34304K, 38% used [0x00000000c3c00000,0x00000000c48e9090,0x00000000c5d80000)
 Metaspace       used 34752K, capacity 35180K, committed 35496K, reserved 1081344K
  class space    used 4314K, capacity 4404K, committed 4528K, reserved 1048576K

